int
unsigned int
__int8
unsigned __int8
__int16
unsigned __int16
__int32
unsigned __int32
__int64
unsigned __int64
short
unsigned short
long
size_t
long long
size_t long
bool
char
signed char
unsigned char
enum
float
double
long double
wchar_t
size_t
ATOM
BOOL
BOOLEAN
BYTE
CALLBACK
CHAR
COLORREF
CONST
DWORD
DWORDLONG
DWORD_PTR
DWORD32
DWORD64
FLOAT
HACCEL
HALF_PTR
HANDLE
HBITMAP
HBRUSH
HCONV
HCONVLIST
HCURSOR
HDC
HDDEDATA
HDESK
HDROP
HDWP
HENHMETAFILE
HFILE
HFONT
HGIDOBJ
HGLOBAL
HHOOK
HICON
HINSTANCE
HKEY
HKL
HLOCAL
HMENU
HMETAFILE
HMODULE
HMONITOR
HPALETTE
HPEN
HRESULT
HRGN
HRSRC
HSZ
HWINSTA
HWND
INT_PTR
INT32
INT64
LANGID
LCID
LGRPID
LONG
LONGLONG
LONG_PTR
LONG32
LONG64
LPARAM
LPBOOL
LPBYTE
LPCOLORREF
LPCSTR
LPCTSTR
LPCWSTR
LPDWORD
LPHANDLE
LPINT
LPLONG
LPSTR
LPTSTR
LPVOID
LPWORD
LPWSTR
LRESULT
PBOOL
PBOOLEAN
PBYTE
PCHAR
PCSTR
PCTSTR
PCWSTR
PDWORD
PDWORDLONG
PDWORD_PTR
PDWORD32
PDWORD64
PFLOAT
PHALF_PTR
PHANDLE
PHKEY
PINT
PINT_PTR
PINT32
PINT64
PLCID
PLONG
PLONGLONG
PLONG_PTR
PLONG32
PLONG64
POINTER_32
POINTER_64
POINTER_SIGNED
POINTER_UNSIGNED
PSHORT
PSIZE_T
PSSIZE_T
PSTR
PTBYTE
PTCHAR
PTSTR
PUCHAR
PUHALF_PTR
PUINT
PUINT_PTR
PUINT32
PUINT64
PULONG
PULONGLONG
PULONG_PTR
PULONG32
PULONG64
PUSHORT
PVOID
PWCHAR
PWORD
PWSTR
SC_HANDLE
SC_LOCK
SERVICE_STATUS_HANDLE
SHORT
SIZE_T
SSIZE_T
TBYTE
TCHAR
UCHAR
UHALF_PTR
UINT
UINT_PTR
UINT32
UINT64
ULONG
ULONGLONG
ULONG_PTR
ULONG32
ULONG64
UNICODE_STRING
USHORT
USN
VOID
WCHAR
WIANPI
WORD
WPARAM
